<?xml version="1.0" encoding="UTF-8"?>
<!-- Generated by org.testng.reporters.JUnitXMLReporter -->
<testsuite ignored="2" hostname="DESKTOP-01V5FL5" failures="0" tests="1" name="Default test" time="6.629" errors="0" timestamp="2023-03-21T13:43:55 EDT">
  <testcase classname="sauceDemo.Execute" name="page3" time="3.358"/>
  <testcase classname="sauceDemo.Execute" name="page1" time="0.0">
    <ignored/>
  </testcase> <!-- page1 -->
  <testcase classname="sauceDemo.Execute" name="page2" time="0.0">
    <ignored/>
  </testcase> <!-- page2 -->
</testsuite> <!-- Default test -->
