<?xml version="1.0" encoding="UTF-8"?>
<!-- Generated by org.testng.reporters.JUnitXMLReporter -->
<testsuite ignored="0" hostname="DESKTOP-01V5FL5" failures="0" tests="8" name="Test" time="0.097" errors="0" timestamp="2023-03-15T00:21:00 EDT">
  <testcase classname="testSuite1.module2" name="test1" time="0.015"/>
  <testcase classname="testSuite1.module1" name="test003" time="0.006"/>
  <testcase classname="testSuite1.module1" name="test001" time="0.01"/>
  <testcase classname="testSuite1.module1" name="test002" time="0.012"/>
  <testcase classname="testSuite1.module1" name="test004" time="0.014"/>
  <testcase classname="testSuite1.module2" name="test2" time="0.009"/>
  <testcase classname="testSuite1.module2" name="test4" time="0.003"/>
  <testcase classname="testSuite1.module2" name="test3" time="0.005"/>
</testsuite> <!-- Test -->
