<?xml version="1.0" encoding="UTF-8"?>
<!-- Generated by org.testng.reporters.JUnitXMLReporter -->
<testsuite ignored="1" hostname="DESKTOP-01V5FL5" failures="0" tests="2" name="Test2" time="0.07" errors="0" timestamp="2023-03-15T00:27:09 EDT">
  <testcase classname="TestNG_Examples.Groups" name="test1" time="0.014"/>
  <testcase classname="TestNG_Examples.Groups" name="test2" time="0.001"/>
  <testcase classname="TestNG_Examples.Groups" name="test3" time="0.0">
    <ignored/>
  </testcase> <!-- test3 -->
</testsuite> <!-- Test2 -->
