<?xml version="1.0" encoding="UTF-8"?>
<!-- Generated by org.testng.reporters.JUnitXMLReporter -->
<testsuite ignored="7" hostname="DESKTOP-01V5FL5" failures="0" tests="2" name="Test" time="0.071" errors="0" timestamp="2023-03-12T23:03:16 EDT">
  <testcase classname="testSuite1.module2" name="test2" time="0.01"/>
  <testcase classname="testSuite1.module1" name="test001" time="0.01"/>
  <testcase classname="testSuite1.module1" name="test004" time="0.0">
    <ignored/>
  </testcase> <!-- test004 -->
  <testcase classname="testSuite1.module1" name="login" time="0.0">
    <ignored/>
  </testcase> <!-- login -->
  <testcase classname="testSuite1.module2" name="test1" time="0.0">
    <ignored/>
  </testcase> <!-- test1 -->
  <testcase classname="testSuite1.module1" name="test003" time="0.0">
    <ignored/>
  </testcase> <!-- test003 -->
  <testcase classname="testSuite1.module1" name="test002" time="0.0">
    <ignored/>
  </testcase> <!-- test002 -->
  <testcase classname="testSuite1.module2" name="test4" time="0.0">
    <ignored/>
  </testcase> <!-- test4 -->
  <testcase classname="testSuite1.module2" name="test3" time="0.0">
    <ignored/>
  </testcase> <!-- test3 -->
</testsuite> <!-- Test -->
