<?xml version="1.0" encoding="UTF-8"?>
<testng-results ignored="14" total="18" passed="4" failed="0" skipped="0">
  <reporter-output>
  </reporter-output>
  <suite started-at="2023-03-12T23:03:16 EDT" name="Suite" finished-at="2023-03-12T23:03:16 EDT" duration-ms="71">
    <groups>
      <group name="smoke">
        <method signature="module1.test001()[pri:0, instance:testSuite1.module1@7714e963]" name="test001" class="testSuite1.module1"/>
      </group> <!-- smoke -->
      <group name="sanity">
        <method signature="module1.test001()[pri:0, instance:testSuite1.module1@7714e963]" name="test001" class="testSuite1.module1"/>
        <method signature="module2.test2()[pri:0, instance:testSuite1.module2@1d9b7cce]" name="test2" class="testSuite1.module2"/>
      </group> <!-- sanity -->
    </groups>
    <test started-at="2023-03-12T23:03:16 EDT" name="Test" finished-at="2023-03-12T23:03:16 EDT" duration-ms="71">
      <class name="testSuite1.module1">
        <test-method signature="test001()[pri:0, instance:testSuite1.module1@7714e963]" started-at="2023-03-12T23:03:16 EDT" name="test001" finished-at="2023-03-12T23:03:16 EDT" duration-ms="10" status="PASS">
          <reporter-output>
          </reporter-output>
        </test-method> <!-- test001 -->
      </class> <!-- testSuite1.module1 -->
      <class name="testSuite1.module2">
        <test-method signature="test2()[pri:0, instance:testSuite1.module2@1d9b7cce]" started-at="2023-03-12T23:03:16 EDT" name="test2" finished-at="2023-03-12T23:03:16 EDT" duration-ms="10" status="PASS">
          <reporter-output>
          </reporter-output>
        </test-method> <!-- test2 -->
      </class> <!-- testSuite1.module2 -->
    </test> <!-- Test -->
  </suite> <!-- Suite -->
  <suite started-at="2023-03-12T23:03:16 EDT" name="Suite (0)" finished-at="2023-03-12T23:03:16 EDT" duration-ms="3">
    <groups>
      <group name="smoke">
        <method signature="module1.test001()[pri:0, instance:testSuite1.module1@478190fc]" name="test001" class="testSuite1.module1"/>
      </group> <!-- smoke -->
      <group name="sanity">
        <method signature="module1.test001()[pri:0, instance:testSuite1.module1@478190fc]" name="test001" class="testSuite1.module1"/>
        <method signature="module2.test2()[pri:0, instance:testSuite1.module2@79e2c065]" name="test2" class="testSuite1.module2"/>
      </group> <!-- sanity -->
    </groups>
    <test started-at="2023-03-12T23:03:16 EDT" name="Test" finished-at="2023-03-12T23:03:16 EDT" duration-ms="3">
      <class name="testSuite1.module1">
        <test-method signature="test001()[pri:0, instance:testSuite1.module1@478190fc]" started-at="2023-03-12T23:03:16 EDT" name="test001" finished-at="2023-03-12T23:03:16 EDT" duration-ms="1" status="PASS">
          <reporter-output>
          </reporter-output>
        </test-method> <!-- test001 -->
      </class> <!-- testSuite1.module1 -->
      <class name="testSuite1.module2">
        <test-method signature="test2()[pri:0, instance:testSuite1.module2@79e2c065]" started-at="2023-03-12T23:03:16 EDT" name="test2" finished-at="2023-03-12T23:03:16 EDT" duration-ms="0" status="PASS">
          <reporter-output>
          </reporter-output>
        </test-method> <!-- test2 -->
      </class> <!-- testSuite1.module2 -->
    </test> <!-- Test -->
  </suite> <!-- Suite (0) -->
</testng-results>
