<?xml version="1.0" encoding="UTF-8"?>
<!-- Generated by org.testng.reporters.JUnitXMLReporter -->
<testsuite ignored="0" hostname="DESKTOP-01V5FL5" failures="0" tests="8" name="Sanity" time="0.065" errors="0" timestamp="2023-03-01T18:04:12 EST">
  <testcase classname="testSuite1.module1" name="test001" time="0.01"/>
  <testcase classname="testSuite1.module1" name="test002" time="0.001"/>
  <testcase classname="testSuite1.module1" name="test003" time="0.002"/>
  <testcase classname="testSuite1.module1" name="test004" time="0.001"/>
  <testcase classname="testSuite1.module2" name="test1" time="0.002"/>
  <testcase classname="testSuite1.module2" name="test2" time="0.001"/>
  <testcase classname="testSuite1.module2" name="test3" time="0.002"/>
  <testcase classname="testSuite1.module2" name="test4" time="0.001"/>
</testsuite> <!-- Sanity -->
